1
0
1
ASSEMBLY
1
I_SAMPLE
P_SAMPLE
1
I_SAMPLE
954
1 1
2 2
3 3
4 4
5 5
6 6
7 7
8 8
9 9
10 10
11 11
12 12
13 13
14 14
15 15
16 16
17 17
18 18
19 19
20 20
21 21
22 22
23 23
24 24
25 25
26 26
27 27
28 28
29 29
30 30
31 31
32 32
33 33
34 34
35 35
36 36
37 37
38 38
39 39
40 40
41 41
42 42
43 43
44 44
45 45
46 46
47 47
48 48
49 49
50 50
51 51
52 52
53 53
54 54
55 55
56 56
57 57
58 58
59 59
60 60
61 61
62 62
63 63
64 64
65 65
66 66
67 67
68 68
69 69
70 70
71 71
72 72
73 73
74 74
75 75
76 76
77 77
78 78
79 79
80 80
81 81
82 82
83 83
84 84
85 85
86 86
87 87
88 88
89 89
90 90
91 91
92 92
93 93
94 94
95 95
96 96
97 97
98 98
99 99
100 100
101 101
102 102
103 103
104 104
105 105
106 106
107 107
108 108
109 109
110 110
111 111
112 112
113 113
114 114
115 115
116 116
117 117
118 118
119 119
120 120
121 121
122 122
123 123
124 124
125 125
126 126
127 127
128 128
129 129
130 130
131 131
132 132
133 133
134 134
135 135
136 136
137 137
138 138
139 139
140 140
141 141
142 142
143 143
144 144
145 145
146 146
147 147
148 148
149 149
150 150
151 151
152 152
153 153
154 154
155 155
156 156
157 157
158 158
159 159
160 160
161 161
162 162
163 163
164 164
165 165
166 166
167 167
168 168
169 169
170 170
171 171
172 172
173 173
174 174
175 175
176 176
177 177
178 178
179 179
180 180
181 181
182 182
183 183
184 184
185 185
186 186
187 187
188 188
189 189
190 190
191 191
192 192
193 193
194 194
195 195
196 196
197 197
198 198
199 199
200 200
201 201
202 202
203 203
204 204
205 205
206 206
207 207
208 208
209 209
210 210
211 211
212 212
213 213
214 214
215 215
216 216
217 217
218 218
219 219
220 220
221 221
222 222
223 223
224 224
225 225
226 226
227 227
228 228
229 229
230 230
231 231
232 232
233 233
234 234
235 235
236 236
237 237
238 238
239 239
240 240
241 241
242 242
243 243
244 244
245 245
246 246
247 247
248 248
249 249
250 250
251 251
252 252
253 253
254 254
255 255
256 256
257 257
258 258
259 259
260 260
261 261
262 262
263 263
264 264
265 265
266 266
267 267
268 268
269 269
270 270
271 271
272 272
273 273
274 274
275 275
276 276
277 277
278 278
279 279
280 280
281 281
282 282
283 283
284 284
285 285
286 286
287 287
288 288
289 289
290 290
291 291
292 292
293 293
294 294
295 295
296 296
297 297
298 298
299 299
300 300
301 301
302 302
303 303
304 304
305 305
306 306
307 307
308 308
309 309
310 310
311 311
312 312
313 313
314 314
315 315
316 316
317 317
318 318
319 319
320 320
321 321
322 322
323 323
324 324
325 325
326 326
327 327
328 328
329 329
330 330
331 331
332 332
333 333
334 334
335 335
336 336
337 337
338 338
339 339
340 340
341 341
342 342
343 343
344 344
345 345
346 346
347 347
348 348
349 349
350 350
351 351
352 352
353 353
354 354
355 355
356 356
357 357
358 358
359 359
360 360
361 361
362 362
363 363
364 364
365 365
366 366
367 367
368 368
369 369
370 370
371 371
372 372
373 373
374 374
375 375
376 376
377 377
378 378
379 379
380 380
381 381
382 382
383 383
384 384
385 385
386 386
387 387
388 388
389 389
390 390
391 391
392 392
393 393
394 394
395 395
396 396
397 397
398 398
399 399
400 400
401 401
402 402
403 403
404 404
405 405
406 406
407 407
408 408
409 409
410 410
411 411
412 412
413 413
414 414
415 415
416 416
417 417
418 418
419 419
420 420
421 421
422 422
423 423
424 424
425 425
426 426
427 427
428 428
429 429
430 430
431 431
432 432
433 433
434 434
435 435
436 436
437 437
438 438
439 439
440 440
441 441
442 442
443 443
444 444
445 445
446 446
447 447
448 448
449 449
450 450
451 451
452 452
453 453
454 454
455 455
456 456
457 457
458 458
459 459
460 460
461 461
462 462
463 463
464 464
465 465
466 466
467 467
468 468
469 469
470 470
471 471
472 472
473 473
474 474
475 475
476 476
477 477
478 478
479 479
480 480
481 481
482 482
483 483
484 484
485 485
486 486
487 487
488 488
489 489
490 490
491 491
492 492
493 493
494 494
495 495
496 496
497 497
498 498
499 499
500 500
501 501
502 502
503 503
504 504
505 505
506 506
507 507
508 508
509 509
510 510
511 511
512 512
513 513
514 514
515 515
516 516
517 517
518 518
519 519
520 520
521 521
522 522
523 523
524 524
525 525
526 526
527 527
528 528
529 529
530 530
531 531
532 532
533 533
534 534
535 535
536 536
537 537
538 538
539 539
540 540
541 541
542 542
543 543
544 544
545 545
546 546
547 547
548 548
549 549
550 550
551 551
552 552
553 553
554 554
555 555
556 556
557 557
558 558
559 559
560 560
561 561
562 562
563 563
564 564
565 565
566 566
567 567
568 568
569 569
570 570
571 571
572 572
573 573
574 574
575 575
576 576
577 577
578 578
579 579
580 580
581 581
582 582
583 583
584 584
585 585
586 586
587 587
588 588
589 589
590 590
591 591
592 592
593 593
594 594
595 595
596 596
597 597
598 598
599 599
600 600
601 601
602 602
603 603
604 604
605 605
606 606
607 607
608 608
609 609
610 610
611 611
612 612
613 613
614 614
615 615
616 616
617 617
618 618
619 619
620 620
621 621
622 622
623 623
624 624
625 625
626 626
627 627
628 628
629 629
630 630
631 631
632 632
633 633
634 634
635 635
636 636
637 637
638 638
639 639
640 640
641 641
642 642
643 643
644 644
645 645
646 646
647 647
648 648
649 649
650 650
651 651
652 652
653 653
654 654
655 655
656 656
657 657
658 658
659 659
660 660
661 661
662 662
663 663
664 664
665 665
666 666
667 667
668 668
669 669
670 670
671 671
672 672
673 673
674 674
675 675
676 676
677 677
678 678
679 679
680 680
681 681
682 682
683 683
684 684
685 685
686 686
687 687
688 688
689 689
690 690
691 691
692 692
693 693
694 694
695 695
696 696
697 697
698 698
699 699
700 700
701 701
702 702
703 703
704 704
705 705
706 706
707 707
708 708
709 709
710 710
711 711
712 712
713 713
714 714
715 715
716 716
717 717
718 718
719 719
720 720
721 721
722 722
723 723
724 724
725 725
726 726
727 727
728 728
729 729
730 730
731 731
732 732
733 733
734 734
735 735
736 736
737 737
738 738
739 739
740 740
741 741
742 742
743 743
744 744
745 745
746 746
747 747
748 748
749 749
750 750
751 751
752 752
753 753
754 754
755 755
756 756
757 757
758 758
759 759
760 760
761 761
762 762
763 763
764 764
765 765
766 766
767 767
768 768
769 769
770 770
771 771
772 772
773 773
774 774
775 775
776 776
777 777
778 778
779 779
780 780
781 781
782 782
783 783
784 784
785 785
786 786
787 787
788 788
789 789
790 790
791 791
792 792
793 793
794 794
795 795
796 796
797 797
798 798
799 799
800 800
801 801
802 802
803 803
804 804
805 805
806 806
807 807
808 808
809 809
810 810
811 811
812 812
813 813
814 814
815 815
816 816
817 817
818 818
819 819
820 820
821 821
822 822
823 823
824 824
825 825
826 826
827 827
828 828
829 829
830 830
831 831
832 832
833 833
834 834
835 835
836 836
837 837
838 838
839 839
840 840
841 841
842 842
843 843
844 844
845 845
846 846
847 847
848 848
849 849
850 850
851 851
852 852
853 853
854 854
855 855
856 856
857 857
858 858
859 859
860 860
861 861
862 862
863 863
864 864
865 865
866 866
867 867
868 868
869 869
870 870
871 871
872 872
873 873
874 874
875 875
876 876
877 877
878 878
879 879
880 880
881 881
882 882
883 883
884 884
885 885
886 886
887 887
888 888
889 889
890 890
891 891
892 892
893 893
894 894
895 895
896 896
897 897
898 898
899 899
900 900
901 901
902 902
903 903
904 904
905 905
906 906
907 907
908 908
909 909
910 910
911 911
912 912
913 913
914 914
915 915
916 916
917 917
918 918
919 919
920 920
921 921
922 922
923 923
924 924
925 925
926 926
927 927
928 928
929 929
930 930
931 931
932 932
933 933
934 934
935 935
936 936
937 937
938 938
939 939
940 940
941 941
942 942
943 943
944 944
945 945
946 946
947 947
948 948
949 949
950 950
951 951
952 952
953 953
954 954
1 1
2 2
3 3
4 4
5 5
6 6
7 7
8 8
9 9
10 10
11 11
12 12
13 13
14 14
15 15
16 16
17 17
18 18
19 19
20 20
21 21
22 22
23 23
24 24
25 25
26 26
27 27
28 28
29 29
30 30
31 31
32 32
33 33
34 34
35 35
36 36
37 37
38 38
39 39
40 40
41 41
42 42
43 43
44 44
45 45
46 46
47 47
48 48
49 49
50 50
51 51
52 52
53 53
54 54
55 55
56 56
57 57
58 58
59 59
60 60
61 61
62 62
63 63
64 64
65 65
66 66
67 67
68 68
69 69
70 70
71 71
72 72
73 73
74 74
75 75
76 76
77 77
78 78
79 79
80 80
81 81
82 82
83 83
84 84
85 85
86 86
87 87
88 88
89 89
90 90
91 91
92 92
93 93
94 94
95 95
96 96
97 97
98 98
99 99
100 100
101 101
102 102
103 103
104 104
105 105
106 106
107 107
108 108
109 109
110 110
111 111
112 112
113 113
114 114
115 115
116 116
117 117
118 118
119 119
120 120
121 121
122 122
123 123
124 124
125 125
126 126
127 127
128 128
129 129
130 130
131 131
132 132
133 133
134 134
135 135
136 136
137 137
138 138
139 139
140 140
141 141
142 142
143 143
144 144
145 145
146 146
147 147
148 148
149 149
150 150
151 151
152 152
153 153
154 154
155 155
156 156
157 157
158 158
159 159
160 160
161 161
162 162
163 163
164 164
165 165
166 166
167 167
168 168
169 169
170 170
171 171
172 172
173 173
174 174
175 175
176 176
177 177
178 178
179 179
180 180
181 181
182 182
183 183
184 184
185 185
186 186
187 187
188 188
189 189
190 190
191 191
192 192
193 193
194 194
195 195
196 196
197 197
198 198
199 199
200 200
201 201
202 202
203 203
204 204
205 205
206 206
207 207
208 208
209 209
210 210
211 211
212 212
213 213
214 214
215 215
216 216
217 217
218 218
219 219
220 220
221 221
222 222
223 223
224 224
225 225
226 226
227 227
228 228
229 229
230 230
231 231
232 232
233 233
234 234
235 235
236 236
237 237
238 238
239 239
240 240
241 241
242 242
243 243
244 244
245 245
246 246
247 247
248 248
249 249
250 250
251 251
252 252
253 253
254 254
255 255
256 256
257 257
258 258
259 259
260 260
261 261
262 262
263 263
264 264
265 265
266 266
267 267
268 268
269 269
270 270
271 271
272 272
273 273
274 274
275 275
276 276
277 277
278 278
279 279
280 280
281 281
282 282
283 283
284 284
285 285
286 286
287 287
288 288
289 289
290 290
291 291
292 292
293 293
294 294
295 295
296 296
297 297
298 298
299 299
300 300
301 301
302 302
303 303
304 304
305 305
306 306
307 307
308 308
309 309
310 310
311 311
312 312
313 313
314 314
315 315
316 316
317 317
318 318
319 319
320 320
321 321
322 322
323 323
324 324
325 325
326 326
327 327
328 328
329 329
330 330
331 331
332 332
333 333
334 334
335 335
336 336
337 337
338 338
339 339
340 340
341 341
342 342
343 343
344 344
345 345
346 346
347 347
348 348
349 349
350 350
351 351
352 352
353 353
354 354
355 355
356 356
357 357
358 358
359 359
360 360
361 361
362 362
363 363
364 364
365 365
366 366
367 367
368 368
369 369
370 370
371 371
372 372
373 373
374 374
375 375
376 376
377 377
378 378
379 379
380 380
381 381
382 382
383 383
384 384
385 385
386 386
387 387
388 388
389 389
390 390
391 391
392 392
393 393
394 394
395 395
396 396
397 397
398 398
399 399
400 400
401 401
402 402
403 403
404 404
405 405
406 406
407 407
408 408
409 409
410 410
411 411
412 412
413 413
414 414
415 415
416 416
417 417
418 418
419 419
420 420
421 421
422 422
423 423
424 424
425 425
426 426
427 427
428 428
429 429
430 430
431 431
432 432
433 433
434 434
435 435
436 436
437 437
438 438
439 439
440 440
441 441
442 442
443 443
444 444
445 445
446 446
447 447
448 448
449 449
450 450
451 451
452 452
453 453
454 454
455 455
456 456
457 457
458 458
459 459
460 460
461 461
462 462
463 463
464 464
465 465
466 466
467 467
468 468
469 469
470 470
471 471
472 472
473 473
474 474
475 475
476 476
477 477
478 478
479 479
480 480
481 481
482 482
483 483
484 484
485 485
486 486
487 487
488 488
489 489
490 490
491 491
492 492
493 493
494 494
495 495
496 496
497 497
498 498
499 499
500 500
501 501
502 502
503 503
504 504
505 505
506 506
507 507
508 508
509 509
510 510
511 511
512 512
513 513
514 514
515 515
516 516
517 517
518 518
519 519
520 520
521 521
522 522
523 523
524 524
525 525
526 526
527 527
528 528
529 529
530 530
531 531
532 532
533 533
534 534
535 535
536 536
537 537
538 538
539 539
540 540
541 541
542 542
543 543
544 544
545 545
546 546
547 547
548 548
549 549
550 550
551 551
552 552
553 553
554 554
555 555
556 556
557 557
558 558
559 559
560 560
561 561
562 562
563 563
564 564
565 565
566 566
567 567
568 568
569 569
570 570
571 571
572 572
573 573
574 574
575 575
576 576
577 577
578 578
579 579
580 580
581 581
582 582
583 583
584 584
585 585
586 586
587 587
588 588
589 589
590 590
591 591
592 592
593 593
594 594
595 595
596 596
597 597
598 598
599 599
600 600
601 601
602 602
603 603
604 604
605 605
606 606
607 607
608 608
609 609
610 610
611 611
612 612
613 613
614 614
615 615
616 616
617 617
618 618
619 619
620 620
621 621
622 622
623 623
624 624
625 625
626 626
627 627
628 628
629 629
630 630
631 631
632 632
633 633
634 634
635 635
636 636
637 637
638 638
639 639
640 640
641 641
642 642
643 643
644 644
645 645
646 646
647 647
648 648
649 649
650 650
651 651
652 652
653 653
654 654
655 655
656 656
657 657
658 658
659 659
660 660
661 661
662 662
663 663
664 664
665 665
666 666
667 667
668 668
669 669
670 670
671 671
672 672
673 673
674 674
675 675
676 676
677 677
678 678
679 679
680 680
681 681
682 682
683 683
684 684
685 685
686 686
687 687
688 688
689 689
690 690
691 691
692 692
693 693
694 694
695 695
696 696
697 697
698 698
699 699
700 700
701 701
702 702
703 703
704 704
705 705
706 706
707 707
708 708
709 709
710 710
711 711
712 712
713 713
714 714
715 715
716 716
717 717
718 718
719 719
720 720
721 721
722 722
723 723
724 724
725 725
726 726
727 727
728 728
729 729
730 730
731 731
732 732
733 733
734 734
735 735
736 736
737 737
738 738
739 739
740 740
741 741
742 742
743 743
744 744
745 745
746 746
747 747
748 748
749 749
750 750
751 751
752 752
753 753
754 754
755 755
756 756
757 757
758 758
759 759
760 760
761 761
762 762
763 763
764 764
765 765
766 766
767 767
768 768
769 769
770 770
771 771
772 772
773 773
774 774
775 775
776 776
777 777
778 778
779 779
780 780
781 781
782 782
783 783
784 784
785 785
786 786
787 787
788 788
789 789
790 790
791 791
792 792
793 793
794 794
795 795
796 796
797 797
798 798
799 799
800 800
801 801
802 802
803 803
804 804
805 805
806 806
807 807
808 808
809 809
810 810
811 811
812 812
813 813
814 814
815 815
816 816
817 817
818 818
819 819
820 820
821 821
822 822
823 823
824 824
825 825
826 826
827 827
828 828
829 829
830 830
831 831
832 832
833 833
834 834
835 835
836 836
837 837
838 838
839 839
840 840
841 841
842 842
843 843
844 844
845 845
846 846
847 847
848 848
849 849
850 850
851 851
852 852
853 853
854 854
855 855
856 856
857 857
858 858
859 859
860 860
861 861
862 862
863 863
864 864
865 865
866 866
867 867
868 868
869 869
870 870
871 871
872 872
873 873
874 874
875 875
876 876
877 877
878 878
879 879
880 880
881 881
882 882
883 883
884 884
885 885
886 886
887 887
888 888
889 889
890 890
891 891
892 892
893 893
894 894
895 895
896 896
897 897
898 898
899 899
900 900
901 901
902 902
903 903
904 904
905 905
906 906
907 907
908 908
909 909
910 910
911 911
912 912
913 913
914 914
915 915
916 916
917 917
918 918
919 919
920 920
921 921
922 922
923 923
924 924
925 925
926 926
927 927
928 928
929 929
930 930
931 931
932 932
933 933
934 934
935 935
936 936
937 937
938 938
939 939
940 940
941 941
942 942
943 943
944 944
945 945
946 946
947 947
948 948
949 949
950 950
951 951
952 952
953 953
954 954
0
1
I_SAMPLE
857
1 193
2 194
3 195
4 196
5 197
6 198
7 199
8 200
9 201
10 202
11 203
12 204
13 205
14 206
15 207
16 208
17 209
18 210
19 211
20 212
21 213
22 214
23 215
24 216
25 217
26 218
27 219
28 220
29 221
30 222
31 223
32 224
33 225
34 226
35 227
36 228
37 229
38 230
39 231
40 232
41 233
42 234
43 235
44 236
45 237
46 238
47 239
48 240
49 241
50 242
51 243
52 244
53 245
54 246
55 247
56 248
57 249
58 250
59 251
60 252
61 253
62 254
63 255
64 256
65 257
66 258
67 259
68 260
69 261
70 262
71 263
72 264
73 265
74 266
75 267
76 268
77 269
78 270
79 271
80 272
81 273
82 274
83 275
84 276
85 277
86 278
87 279
88 280
89 281
90 282
91 283
92 284
93 285
94 286
95 287
96 288
97 289
98 290
99 291
100 292
101 293
102 294
103 295
104 296
105 297
106 298
107 299
108 300
109 301
110 302
111 303
112 304
113 305
114 306
115 307
116 308
117 309
118 310
119 311
120 312
121 313
122 314
123 315
124 316
125 317
126 318
127 319
128 320
129 321
130 322
131 323
132 324
133 325
134 326
135 327
136 328
137 329
138 330
139 331
140 332
141 333
142 334
143 335
144 336
145 337
146 338
147 339
148 340
149 341
150 342
151 343
152 344
153 345
154 346
155 347
156 348
157 349
158 350
159 351
160 352
161 353
162 354
163 355
164 356
165 357
166 358
167 359
168 360
169 361
170 362
171 363
172 364
173 365
174 366
175 367
176 368
177 369
178 370
179 371
180 372
181 373
182 374
183 375
184 376
185 377
186 378
187 379
188 380
189 381
190 382
191 383
192 384
193 385
194 386
195 387
196 388
197 389
198 390
199 391
200 392
201 393
202 394
203 395
204 396
205 397
206 398
207 399
208 400
209 401
210 402
211 403
212 404
213 405
214 406
215 407
216 408
217 409
218 410
219 411
220 412
221 413
222 414
223 415
224 416
225 417
226 418
227 419
228 420
229 421
230 422
231 423
232 424
233 425
234 426
235 427
236 428
237 429
238 430
239 431
240 432
241 433
242 434
243 435
244 436
245 437
246 438
247 439
248 440
249 441
250 442
251 443
252 444
253 445
254 446
255 447
256 448
257 449
258 450
259 451
260 452
261 453
262 454
263 455
264 456
265 457
266 458
267 459
268 460
269 461
270 462
271 463
272 464
273 465
274 466
275 467
276 468
277 469
278 470
279 471
280 472
281 473
282 474
283 475
284 476
285 477
286 478
287 479
288 480
289 481
290 482
291 483
292 484
293 485
294 486
295 487
296 488
297 489
298 490
299 491
300 492
301 493
302 494
303 495
304 496
305 497
306 498
307 499
308 500
309 501
310 502
311 503
312 504
313 505
314 506
315 507
316 508
317 509
318 510
319 511
320 512
321 513
322 514
323 515
324 516
325 517
326 518
327 519
328 520
329 521
330 522
331 523
332 524
333 525
334 526
335 527
336 528
337 529
338 530
339 531
340 532
341 533
342 534
343 535
344 536
345 537
346 538
347 539
348 540
349 541
350 542
351 543
352 544
353 545
354 546
355 547
356 548
357 549
358 550
359 551
360 552
361 553
362 554
363 555
364 556
365 557
366 558
367 559
368 560
369 561
370 562
371 563
372 564
373 565
374 566
375 567
376 568
377 569
378 570
379 571
380 572
381 573
382 574
383 575
384 576
385 577
386 578
387 579
388 580
389 581
390 582
391 583
392 584
393 585
394 586
395 587
396 588
397 589
398 590
399 591
400 592
401 593
402 594
403 595
404 596
405 597
406 598
407 599
408 600
409 601
410 602
411 603
412 604
413 605
414 606
415 607
416 608
417 609
418 610
419 611
420 612
421 613
422 614
423 615
424 616
425 617
426 618
427 619
428 620
429 621
430 622
431 623
432 624
433 625
434 626
435 627
436 628
437 629
438 630
439 631
440 632
441 633
442 634
443 635
444 636
445 637
446 638
447 639
448 640
449 641
450 642
451 643
452 644
453 645
454 646
455 647
456 648
457 649
458 650
459 651
460 652
461 653
462 654
463 655
464 656
465 657
466 658
467 659
468 660
469 661
470 662
471 663
472 664
473 665
474 666
475 667
476 668
477 669
478 670
479 671
480 672
481 673
482 674
483 675
484 676
485 677
486 678
487 679
488 680
489 681
490 682
491 683
492 684
493 685
494 686
495 687
496 688
497 689
498 690
499 691
500 692
501 693
502 694
503 695
504 696
505 697
506 698
507 699
508 700
509 701
510 702
511 703
512 704
513 705
514 706
515 707
516 708
517 709
518 710
519 711
520 712
521 713
522 714
523 715
524 716
525 717
526 718
527 719
528 720
529 721
530 722
531 723
532 724
533 725
534 726
535 727
536 728
537 729
538 730
539 731
540 732
541 733
542 734
543 735
544 736
545 737
546 738
547 739
548 740
549 741
550 742
551 743
552 744
553 745
554 746
555 747
556 748
557 749
558 750
559 751
560 752
561 753
562 754
563 755
564 756
565 757
566 758
567 759
568 760
569 761
570 762
571 763
572 764
573 765
574 766
575 767
576 768
577 769
578 770
579 771
580 772
581 773
582 774
583 775
584 776
585 777
586 778
587 779
588 780
589 781
590 782
591 783
592 784
593 785
594 786
595 787
596 788
597 789
598 790
599 791
600 792
601 793
602 794
603 795
604 796
605 797
606 798
607 799
608 800
609 801
610 802
611 803
612 804
613 805
614 806
615 807
616 808
617 809
618 810
619 811
620 812
621 813
622 814
623 815
624 816
625 817
626 818
627 819
628 820
629 821
630 822
631 823
632 824
633 825
634 826
635 827
636 828
637 829
638 830
639 831
640 832
641 833
642 834
643 835
644 836
645 837
646 838
647 839
648 840
649 841
650 842
651 843
652 844
653 845
654 846
655 847
656 848
657 849
658 850
659 851
660 852
661 853
662 854
663 855
664 856
665 857
666 858
667 859
668 860
669 861
670 862
671 863
672 864
673 865
674 866
675 867
676 868
677 869
678 870
679 871
680 872
681 873
682 874
683 875
684 876
685 877
686 878
687 879
688 880
689 881
690 882
691 883
692 884
693 885
694 886
695 887
696 888
697 889
698 890
699 891
700 892
701 893
702 894
703 895
704 896
705 897
706 898
707 899
708 900
709 901
710 902
711 903
712 904
713 905
714 906
715 907
716 908
717 909
718 910
719 911
720 912
721 913
722 914
723 915
724 916
725 917
726 918
727 919
728 920
729 921
730 922
731 923
732 924
733 925
734 926
735 927
736 928
737 929
738 930
739 931
740 932
741 933
742 934
743 935
744 936
745 937
746 938
747 939
748 940
749 941
750 942
751 943
752 944
753 945
754 946
755 947
756 948
757 949
758 950
759 951
760 952
761 953
762 954
763 955
764 956
765 957
766 958
767 959
768 960
769 961
770 962
771 963
772 964
773 965
774 966
775 967
776 968
777 969
778 970
779 971
780 972
781 973
782 974
783 975
784 976
785 977
786 978
787 979
788 980
789 981
790 982
791 983
792 984
793 985
794 986
795 987
796 988
797 989
798 990
799 991
800 992
801 993
802 994
803 995
804 996
805 997
806 998
807 999
808 1000
809 1001
810 1002
811 1003
812 1004
813 1005
814 1006
815 1007
816 1008
817 1009
818 1010
819 1011
820 1012
821 1013
822 1014
823 1015
824 1016
825 1017
826 1018
827 1019
828 1020
829 1021
830 1022
831 1023
832 1024
833 1025
834 1026
835 1027
836 1028
837 1029
838 1030
839 1031
840 1032
841 1033
842 1034
843 1035
844 1036
845 1037
846 1038
847 1039
848 1040
849 1041
850 1042
851 1043
852 1044
853 1045
854 1046
855 1047
856 1048
857 1049
193 1
194 2
195 3
196 4
197 5
198 6
199 7
200 8
201 9
202 10
203 11
204 12
205 13
206 14
207 15
208 16
209 17
210 18
211 19
212 20
213 21
214 22
215 23
216 24
217 25
218 26
219 27
220 28
221 29
222 30
223 31
224 32
225 33
226 34
227 35
228 36
229 37
230 38
231 39
232 40
233 41
234 42
235 43
236 44
237 45
238 46
239 47
240 48
241 49
242 50
243 51
244 52
245 53
246 54
247 55
248 56
249 57
250 58
251 59
252 60
253 61
254 62
255 63
256 64
257 65
258 66
259 67
260 68
261 69
262 70
263 71
264 72
265 73
266 74
267 75
268 76
269 77
270 78
271 79
272 80
273 81
274 82
275 83
276 84
277 85
278 86
279 87
280 88
281 89
282 90
283 91
284 92
285 93
286 94
287 95
288 96
289 97
290 98
291 99
292 100
293 101
294 102
295 103
296 104
297 105
298 106
299 107
300 108
301 109
302 110
303 111
304 112
305 113
306 114
307 115
308 116
309 117
310 118
311 119
312 120
313 121
314 122
315 123
316 124
317 125
318 126
319 127
320 128
321 129
322 130
323 131
324 132
325 133
326 134
327 135
328 136
329 137
330 138
331 139
332 140
333 141
334 142
335 143
336 144
337 145
338 146
339 147
340 148
341 149
342 150
343 151
344 152
345 153
346 154
347 155
348 156
349 157
350 158
351 159
352 160
353 161
354 162
355 163
356 164
357 165
358 166
359 167
360 168
361 169
362 170
363 171
364 172
365 173
366 174
367 175
368 176
369 177
370 178
371 179
372 180
373 181
374 182
375 183
376 184
377 185
378 186
379 187
380 188
381 189
382 190
383 191
384 192
385 193
386 194
387 195
388 196
389 197
390 198
391 199
392 200
393 201
394 202
395 203
396 204
397 205
398 206
399 207
400 208
401 209
402 210
403 211
404 212
405 213
406 214
407 215
408 216
409 217
410 218
411 219
412 220
413 221
414 222
415 223
416 224
417 225
418 226
419 227
420 228
421 229
422 230
423 231
424 232
425 233
426 234
427 235
428 236
429 237
430 238
431 239
432 240
433 241
434 242
435 243
436 244
437 245
438 246
439 247
440 248
441 249
442 250
443 251
444 252
445 253
446 254
447 255
448 256
449 257
450 258
451 259
452 260
453 261
454 262
455 263
456 264
457 265
458 266
459 267
460 268
461 269
462 270
463 271
464 272
465 273
466 274
467 275
468 276
469 277
470 278
471 279
472 280
473 281
474 282
475 283
476 284
477 285
478 286
479 287
480 288
481 289
482 290
483 291
484 292
485 293
486 294
487 295
488 296
489 297
490 298
491 299
492 300
493 301
494 302
495 303
496 304
497 305
498 306
499 307
500 308
501 309
502 310
503 311
504 312
505 313
506 314
507 315
508 316
509 317
510 318
511 319
512 320
513 321
514 322
515 323
516 324
517 325
518 326
519 327
520 328
521 329
522 330
523 331
524 332
525 333
526 334
527 335
528 336
529 337
530 338
531 339
532 340
533 341
534 342
535 343
536 344
537 345
538 346
539 347
540 348
541 349
542 350
543 351
544 352
545 353
546 354
547 355
548 356
549 357
550 358
551 359
552 360
553 361
554 362
555 363
556 364
557 365
558 366
559 367
560 368
561 369
562 370
563 371
564 372
565 373
566 374
567 375
568 376
569 377
570 378
571 379
572 380
573 381
574 382
575 383
576 384
577 385
578 386
579 387
580 388
581 389
582 390
583 391
584 392
585 393
586 394
587 395
588 396
589 397
590 398
591 399
592 400
593 401
594 402
595 403
596 404
597 405
598 406
599 407
600 408
601 409
602 410
603 411
604 412
605 413
606 414
607 415
608 416
609 417
610 418
611 419
612 420
613 421
614 422
615 423
616 424
617 425
618 426
619 427
620 428
621 429
622 430
623 431
624 432
625 433
626 434
627 435
628 436
629 437
630 438
631 439
632 440
633 441
634 442
635 443
636 444
637 445
638 446
639 447
640 448
641 449
642 450
643 451
644 452
645 453
646 454
647 455
648 456
649 457
650 458
651 459
652 460
653 461
654 462
655 463
656 464
657 465
658 466
659 467
660 468
661 469
662 470
663 471
664 472
665 473
666 474
667 475
668 476
669 477
670 478
671 479
672 480
673 481
674 482
675 483
676 484
677 485
678 486
679 487
680 488
681 489
682 490
683 491
684 492
685 493
686 494
687 495
688 496
689 497
690 498
691 499
692 500
693 501
694 502
695 503
696 504
697 505
698 506
699 507
700 508
701 509
702 510
703 511
704 512
705 513
706 514
707 515
708 516
709 517
710 518
711 519
712 520
713 521
714 522
715 523
716 524
717 525
718 526
719 527
720 528
721 529
722 530
723 531
724 532
725 533
726 534
727 535
728 536
729 537
730 538
731 539
732 540
733 541
734 542
735 543
736 544
737 545
738 546
739 547
740 548
741 549
742 550
743 551
744 552
745 553
746 554
747 555
748 556
749 557
750 558
751 559
752 560
753 561
754 562
755 563
756 564
757 565
758 566
759 567
760 568
761 569
762 570
763 571
764 572
765 573
766 574
767 575
768 576
769 577
770 578
771 579
772 580
773 581
774 582
775 583
776 584
777 585
778 586
779 587
780 588
781 589
782 590
783 591
784 592
785 593
786 594
787 595
788 596
789 597
790 598
791 599
792 600
793 601
794 602
795 603
796 604
797 605
798 606
799 607
800 608
801 609
802 610
803 611
804 612
805 613
806 614
807 615
808 616
809 617
810 618
811 619
812 620
813 621
814 622
815 623
816 624
817 625
818 626
819 627
820 628
821 629
822 630
823 631
824 632
825 633
826 634
827 635
828 636
829 637
830 638
831 639
832 640
833 641
834 642
835 643
836 644
837 645
838 646
839 647
840 648
841 649
842 650
843 651
844 652
845 653
846 654
847 655
848 656
849 657
850 658
851 659
852 660
853 661
854 662
855 663
856 664
857 665
858 666
859 667
860 668
861 669
862 670
863 671
864 672
865 673
866 674
867 675
868 676
869 677
870 678
871 679
872 680
873 681
874 682
875 683
876 684
877 685
878 686
879 687
880 688
881 689
882 690
883 691
884 692
885 693
886 694
887 695
888 696
889 697
890 698
891 699
892 700
893 701
894 702
895 703
896 704
897 705
898 706
899 707
900 708
901 709
902 710
903 711
904 712
905 713
906 714
907 715
908 716
909 717
910 718
911 719
912 720
913 721
914 722
915 723
916 724
917 725
918 726
919 727
920 728
921 729
922 730
923 731
924 732
925 733
926 734
927 735
928 736
929 737
930 738
931 739
932 740
933 741
934 742
935 743
936 744
937 745
938 746
939 747
940 748
941 749
942 750
943 751
944 752
945 753
946 754
947 755
948 756
949 757
950 758
951 759
952 760
953 761
954 762
955 763
956 764
957 765
958 766
959 767
960 768
961 769
962 770
963 771
964 772
965 773
966 774
967 775
968 776
969 777
970 778
971 779
972 780
973 781
974 782
975 783
976 784
977 785
978 786
979 787
980 788
981 789
982 790
983 791
984 792
985 793
986 794
987 795
988 796
989 797
990 798
991 799
992 800
993 801
994 802
995 803
996 804
997 805
998 806
999 807
1000 808
1001 809
1002 810
1003 811
1004 812
1005 813
1006 814
1007 815
1008 816
1009 817
1010 818
1011 819
1012 820
1013 821
1014 822
1015 823
1016 824
1017 825
1018 826
1019 827
1020 828
1021 829
1022 830
1023 831
1024 832
1025 833
1026 834
1027 835
1028 836
1029 837
1030 838
1031 839
1032 840
1033 841
1034 842
1035 843
1036 844
1037 845
1038 846
1039 847
1040 848
1041 849
1042 850
1043 851
1044 852
1045 853
1046 854
1047 855
1048 856
1049 857
0
0
1
I_SAMPLE
6
ALL_ELEMENTS
0
1
857
1 2 3 4 5 6 7 8 9 10 11 12 13 14 15 16 17 18 19 20 21 22 23 24 25 26 27 28 29 30 31 32 33 34 35 36 37 38 39 40 41 42 43 44 45 46 47 48 49 50 51 52 53 54 55 56 57 58 59 60 61 62 63 64 65 66 67 68 69 70 71 72 73 74 75 76 77 78 79 80 81 82 83 84 85 86 87 88 89 90 91 92 93 94 95 96 97 98 99 100 101 102 103 104 105 106 107 108 109 110 111 112 113 114 115 116 117 118 119 120 121 122 123 124 125 126 127 128 129 130 131 132 133 134 135 136 137 138 139 140 141 142 143 144 145 146 147 148 149 150 151 152 153 154 155 156 157 158 159 160 161 162 163 164 165 166 167 168 169 170 171 172 173 174 175 176 177 178 179 180 181 182 183 184 185 186 187 188 189 190 191 192 193 194 195 196 197 198 199 200 201 202 203 204 205 206 207 208 209 210 211 212 213 214 215 216 217 218 219 220 221 222 223 224 225 226 227 228 229 230 231 232 233 234 235 236 237 238 239 240 241 242 243 244 245 246 247 248 249 250 251 252 253 254 255 256 257 258 259 260 261 262 263 264 265 266 267 268 269 270 271 272 273 274 275 276 277 278 279 280 281 282 283 284 285 286 287 288 289 290 291 292 293 294 295 296 297 298 299 300 301 302 303 304 305 306 307 308 309 310 311 312 313 314 315 316 317 318 319 320 321 322 323 324 325 326 327 328 329 330 331 332 333 334 335 336 337 338 339 340 341 342 343 344 345 346 347 348 349 350 351 352 353 354 355 356 357 358 359 360 361 362 363 364 365 366 367 368 369 370 371 372 373 374 375 376 377 378 379 380 381 382 383 384 385 386 387 388 389 390 391 392 393 394 395 396 397 398 399 400 401 402 403 404 405 406 407 408 409 410 411 412 413 414 415 416 417 418 419 420 421 422 423 424 425 426 427 428 429 430 431 432 433 434 435 436 437 438 439 440 441 442 443 444 445 446 447 448 449 450 451 452 453 454 455 456 457 458 459 460 461 462 463 464 465 466 467 468 469 470 471 472 473 474 475 476 477 478 479 480 481 482 483 484 485 486 487 488 489 490 491 492 493 494 495 496 497 498 499 500 501 502 503 504 505 506 507 508 509 510 511 512 513 514 515 516 517 518 519 520 521 522 523 524 525 526 527 528 529 530 531 532 533 534 535 536 537 538 539 540 541 542 543 544 545 546 547 548 549 550 551 552 553 554 555 556 557 558 559 560 561 562 563 564 565 566 567 568 569 570 571 572 573 574 575 576 577 578 579 580 581 582 583 584 585 586 587 588 589 590 591 592 593 594 595 596 597 598 599 600 601 602 603 604 605 606 607 608 609 610 611 612 613 614 615 616 617 618 619 620 621 622 623 624 625 626 627 628 629 630 631 632 633 634 635 636 637 638 639 640 641 642 643 644 645 646 647 648 649 650 651 652 653 654 655 656 657 658 659 660 661 662 663 664 665 666 667 668 669 670 671 672 673 674 675 676 677 678 679 680 681 682 683 684 685 686 687 688 689 690 691 692 693 694 695 696 697 698 699 700 701 702 703 704 705 706 707 708 709 710 711 712 713 714 715 716 717 718 719 720 721 722 723 724 725 726 727 728 729 730 731 732 733 734 735 736 737 738 739 740 741 742 743 744 745 746 747 748 749 750 751 752 753 754 755 756 757 758 759 760 761 762 763 764 765 766 767 768 769 770 771 772 773 774 775 776 777 778 779 780 781 782 783 784 785 786 787 788 789 790 791 792 793 794 795 796 797 798 799 800 801 802 803 804 805 806 807 808 809 810 811 812 813 814 815 816 817 818 819 820 821 822 823 824 825 826 827 828 829 830 831 832 833 834 835 836 837 838 839 840 841 842 843 844 845 846 847 848 849 850 851 852 853 854 855 856 857 
0
0
CAX4_ELEMENTS
0
1
857
1 2 3 4 5 6 7 8 9 10 11 12 13 14 15 16 17 18 19 20 21 22 23 24 25 26 27 28 29 30 31 32 33 34 35 36 37 38 39 40 41 42 43 44 45 46 47 48 49 50 51 52 53 54 55 56 57 58 59 60 61 62 63 64 65 66 67 68 69 70 71 72 73 74 75 76 77 78 79 80 81 82 83 84 85 86 87 88 89 90 91 92 93 94 95 96 97 98 99 100 101 102 103 104 105 106 107 108 109 110 111 112 113 114 115 116 117 118 119 120 121 122 123 124 125 126 127 128 129 130 131 132 133 134 135 136 137 138 139 140 141 142 143 144 145 146 147 148 149 150 151 152 153 154 155 156 157 158 159 160 161 162 163 164 165 166 167 168 169 170 171 172 173 174 175 176 177 178 179 180 181 182 183 184 185 186 187 188 189 190 191 192 193 194 195 196 197 198 199 200 201 202 203 204 205 206 207 208 209 210 211 212 213 214 215 216 217 218 219 220 221 222 223 224 225 226 227 228 229 230 231 232 233 234 235 236 237 238 239 240 241 242 243 244 245 246 247 248 249 250 251 252 253 254 255 256 257 258 259 260 261 262 263 264 265 266 267 268 269 270 271 272 273 274 275 276 277 278 279 280 281 282 283 284 285 286 287 288 289 290 291 292 293 294 295 296 297 298 299 300 301 302 303 304 305 306 307 308 309 310 311 312 313 314 315 316 317 318 319 320 321 322 323 324 325 326 327 328 329 330 331 332 333 334 335 336 337 338 339 340 341 342 343 344 345 346 347 348 349 350 351 352 353 354 355 356 357 358 359 360 361 362 363 364 365 366 367 368 369 370 371 372 373 374 375 376 377 378 379 380 381 382 383 384 385 386 387 388 389 390 391 392 393 394 395 396 397 398 399 400 401 402 403 404 405 406 407 408 409 410 411 412 413 414 415 416 417 418 419 420 421 422 423 424 425 426 427 428 429 430 431 432 433 434 435 436 437 438 439 440 441 442 443 444 445 446 447 448 449 450 451 452 453 454 455 456 457 458 459 460 461 462 463 464 465 466 467 468 469 470 471 472 473 474 475 476 477 478 479 480 481 482 483 484 485 486 487 488 489 490 491 492 493 494 495 496 497 498 499 500 501 502 503 504 505 506 507 508 509 510 511 512 513 514 515 516 517 518 519 520 521 522 523 524 525 526 527 528 529 530 531 532 533 534 535 536 537 538 539 540 541 542 543 544 545 546 547 548 549 550 551 552 553 554 555 556 557 558 559 560 561 562 563 564 565 566 567 568 569 570 571 572 573 574 575 576 577 578 579 580 581 582 583 584 585 586 587 588 589 590 591 592 593 594 595 596 597 598 599 600 601 602 603 604 605 606 607 608 609 610 611 612 613 614 615 616 617 618 619 620 621 622 623 624 625 626 627 628 629 630 631 632 633 634 635 636 637 638 639 640 641 642 643 644 645 646 647 648 649 650 651 652 653 654 655 656 657 658 659 660 661 662 663 664 665 666 667 668 669 670 671 672 673 674 675 676 677 678 679 680 681 682 683 684 685 686 687 688 689 690 691 692 693 694 695 696 697 698 699 700 701 702 703 704 705 706 707 708 709 710 711 712 713 714 715 716 717 718 719 720 721 722 723 724 725 726 727 728 729 730 731 732 733 734 735 736 737 738 739 740 741 742 743 744 745 746 747 748 749 750 751 752 753 754 755 756 757 758 759 760 761 762 763 764 765 766 767 768 769 770 771 772 773 774 775 776 777 778 779 780 781 782 783 784 785 786 787 788 789 790 791 792 793 794 795 796 797 798 799 800 801 802 803 804 805 806 807 808 809 810 811 812 813 814 815 816 817 818 819 820 821 822 823 824 825 826 827 828 829 830 831 832 833 834 835 836 837 838 839 840 841 842 843 844 845 846 847 848 849 850 851 852 853 854 855 856 857 
0
0
_SURF_SURFACE_FACE1
0
1
5
62 68 93 134 805 
0
0
_SURF_SURFACE_FACE2
0
1
37
40 62 86 116 120 156 157 165 172 217 286 289 294 358 371 405 420 441 453 470 474 479 493 499 508 511 518 526 531 547 569 594 613 617 618 625 642 
0
0
_SURF_SURFACE_FACE3
0
1
42
35 46 72 73 105 119 155 159 203 212 242 249 258 266 272 277 282 302 312 331 332 356 372 418 440 459 484 538 549 558 567 575 585 589 598 605 631 634 637 640 723 741 
0
0
_SURF_SURFACE_FACE4
0
1
2
719 789 
0
0
0
0
1
I_SAMPLE
6
ALLNODES
0
1
954
1 2 3 4 5 6 7 8 9 10 11 12 13 14 15 16 17 18 19 20 21 22 23 24 25 26 27 28 29 30 31 32 33 34 35 36 37 38 39 40 41 42 43 44 45 46 47 48 49 50 51 52 53 54 55 56 57 58 59 60 61 62 63 64 65 66 67 68 69 70 71 72 73 74 75 76 77 78 79 80 81 82 83 84 85 86 87 88 89 90 91 92 93 94 95 96 97 98 99 100 101 102 103 104 105 106 107 108 109 110 111 112 113 114 115 116 117 118 119 120 121 122 123 124 125 126 127 128 129 130 131 132 133 134 135 136 137 138 139 140 141 142 143 144 145 146 147 148 149 150 151 152 153 154 155 156 157 158 159 160 161 162 163 164 165 166 167 168 169 170 171 172 173 174 175 176 177 178 179 180 181 182 183 184 185 186 187 188 189 190 191 192 193 194 195 196 197 198 199 200 201 202 203 204 205 206 207 208 209 210 211 212 213 214 215 216 217 218 219 220 221 222 223 224 225 226 227 228 229 230 231 232 233 234 235 236 237 238 239 240 241 242 243 244 245 246 247 248 249 250 251 252 253 254 255 256 257 258 259 260 261 262 263 264 265 266 267 268 269 270 271 272 273 274 275 276 277 278 279 280 281 282 283 284 285 286 287 288 289 290 291 292 293 294 295 296 297 298 299 300 301 302 303 304 305 306 307 308 309 310 311 312 313 314 315 316 317 318 319 320 321 322 323 324 325 326 327 328 329 330 331 332 333 334 335 336 337 338 339 340 341 342 343 344 345 346 347 348 349 350 351 352 353 354 355 356 357 358 359 360 361 362 363 364 365 366 367 368 369 370 371 372 373 374 375 376 377 378 379 380 381 382 383 384 385 386 387 388 389 390 391 392 393 394 395 396 397 398 399 400 401 402 403 404 405 406 407 408 409 410 411 412 413 414 415 416 417 418 419 420 421 422 423 424 425 426 427 428 429 430 431 432 433 434 435 436 437 438 439 440 441 442 443 444 445 446 447 448 449 450 451 452 453 454 455 456 457 458 459 460 461 462 463 464 465 466 467 468 469 470 471 472 473 474 475 476 477 478 479 480 481 482 483 484 485 486 487 488 489 490 491 492 493 494 495 496 497 498 499 500 501 502 503 504 505 506 507 508 509 510 511 512 513 514 515 516 517 518 519 520 521 522 523 524 525 526 527 528 529 530 531 532 533 534 535 536 537 538 539 540 541 542 543 544 545 546 547 548 549 550 551 552 553 554 555 556 557 558 559 560 561 562 563 564 565 566 567 568 569 570 571 572 573 574 575 576 577 578 579 580 581 582 583 584 585 586 587 588 589 590 591 592 593 594 595 596 597 598 599 600 601 602 603 604 605 606 607 608 609 610 611 612 613 614 615 616 617 618 619 620 621 622 623 624 625 626 627 628 629 630 631 632 633 634 635 636 637 638 639 640 641 642 643 644 645 646 647 648 649 650 651 652 653 654 655 656 657 658 659 660 661 662 663 664 665 666 667 668 669 670 671 672 673 674 675 676 677 678 679 680 681 682 683 684 685 686 687 688 689 690 691 692 693 694 695 696 697 698 699 700 701 702 703 704 705 706 707 708 709 710 711 712 713 714 715 716 717 718 719 720 721 722 723 724 725 726 727 728 729 730 731 732 733 734 735 736 737 738 739 740 741 742 743 744 745 746 747 748 749 750 751 752 753 754 755 756 757 758 759 760 761 762 763 764 765 766 767 768 769 770 771 772 773 774 775 776 777 778 779 780 781 782 783 784 785 786 787 788 789 790 791 792 793 794 795 796 797 798 799 800 801 802 803 804 805 806 807 808 809 810 811 812 813 814 815 816 817 818 819 820 821 822 823 824 825 826 827 828 829 830 831 832 833 834 835 836 837 838 839 840 841 842 843 844 845 846 847 848 849 850 851 852 853 854 855 856 857 858 859 860 861 862 863 864 865 866 867 868 869 870 871 872 873 874 875 876 877 878 879 880 881 882 883 884 885 886 887 888 889 890 891 892 893 894 895 896 897 898 899 900 901 902 903 904 905 906 907 908 909 910 911 912 913 914 915 916 917 918 919 920 921 922 923 924 925 926 927 928 929 930 931 932 933 934 935 936 937 938 939 940 941 942 943 944 945 946 947 948 949 950 951 952 953 954 
0
0
REF_NODE
0
1
1
6 
0
0
SURFACE
0
1
87
2 3 4 5 14 15 16 17 18 19 20 21 22 23 24 25 26 27 28 29 30 31 32 33 34 35 36 37 38 39 40 41 42 43 44 45 46 47 48 49 50 51 52 53 54 55 56 57 58 59 60 61 62 63 64 65 66 67 68 69 70 71 72 73 74 75 76 77 78 79 80 81 82 83 84 85 86 87 88 89 90 91 92 93 94 95 96 
0
0
SYM_X
0
1
81
1 6 114 115 116 117 118 119 120 121 122 123 124 125 126 127 128 129 130 131 132 133 134 135 136 137 138 139 140 141 142 143 144 145 146 147 148 149 150 151 152 153 154 155 156 157 158 159 160 161 162 163 164 165 166 167 168 169 170 171 172 173 174 175 176 177 178 179 180 181 182 183 184 185 186 187 188 189 190 191 192 
0
0
SYM_Y
0
1
9
1 2 7 8 9 10 11 12 13 
0
0
TOP
0
1
19
5 6 97 98 99 100 101 102 103 104 105 106 107 108 109 110 111 112 113 
0
0
0
1
I_SAMPLE
1
SURFACE
0
0
4
S3
42
35 46 72 73 105 119 155 159 203 212 242 249 258 266 272 277 282 302 312 331 332 356 372 418 440 459 484 538 549 558 567 575 585 589 598 605 631 634 637 640 723 741 
S2
37
40 62 86 116 120 156 157 165 172 217 286 289 294 358 371 405 420 441 453 470 474 479 493 499 508 511 518 526 531 547 569 594 613 617 618 625 642 
S4
2
719 789 
S1
5
62 68 93 134 805 
0
